<?xml version="1.0" encoding="UTF-8"?>
<coverage generated="1637756804908" clover="3.2.0">
  <project timestamp="1637756804909" name="All files">
    <metrics statements="43" coveredstatements="31" conditionals="38" coveredconditionals="23" methods="6" coveredmethods="6" elements="87" coveredelements="60" complexity="0" loc="43" ncloc="43" packages="1" files="1" classes="1"/>
    <file name="Button.tsx" path="/Users/lianhaiwei/Code/source/laboratory/Tools/auto-test/vue-test/src/components/Button/Button.tsx">
      <metrics statements="43" coveredstatements="31" conditionals="38" coveredconditionals="23" methods="6" coveredmethods="6"/>
      <line num="42" count="3" type="stmt"/>
      <line num="43" count="2" type="cond" truecount="2" falsecount="0"/>
      <line num="44" count="1" type="stmt"/>
      <line num="48" count="3" type="stmt"/>
      <line num="49" count="4" type="stmt"/>
      <line num="60" count="4" type="cond" truecount="1" falsecount="1"/>
      <line num="61" count="0" type="stmt"/>
      <line num="69" count="4" type="cond" truecount="1" falsecount="1"/>
      <line num="70" count="4" type="stmt"/>
      <line num="78" count="4" type="cond" truecount="1" falsecount="1"/>
      <line num="79" count="0" type="stmt"/>
      <line num="83" count="4" type="cond" truecount="1" falsecount="1"/>
      <line num="84" count="0" type="stmt"/>
      <line num="86" count="4" type="cond" truecount="1" falsecount="1"/>
      <line num="87" count="0" type="stmt"/>
      <line num="89" count="4" type="cond" truecount="1" falsecount="1"/>
      <line num="90" count="4" type="stmt"/>
      <line num="97" count="4" type="cond" truecount="1" falsecount="1"/>
      <line num="98" count="0" type="stmt"/>
      <line num="105" count="4" type="cond" truecount="1" falsecount="1"/>
      <line num="106" count="0" type="stmt"/>
      <line num="113" count="4" type="cond" truecount="1" falsecount="1"/>
      <line num="114" count="0" type="stmt"/>
      <line num="121" count="4" type="cond" truecount="1" falsecount="1"/>
      <line num="122" count="0" type="stmt"/>
      <line num="130" count="4" type="stmt"/>
      <line num="133" count="3" type="stmt"/>
      <line num="134" count="4" type="cond" truecount="2" falsecount="0"/>
      <line num="135" count="2" type="cond" truecount="1" falsecount="1"/>
      <line num="149" count="2" type="cond" truecount="2" falsecount="0"/>
      <line num="150" count="1" type="stmt"/>
      <line num="153" count="1" type="cond" truecount="1" falsecount="1"/>
      <line num="154" count="0" type="stmt"/>
      <line num="158" count="3" type="stmt"/>
      <line num="159" count="4" type="cond" truecount="2" falsecount="0"/>
      <line num="160" count="2" type="cond" truecount="1" falsecount="1"/>
      <line num="161" count="0" type="stmt"/>
      <line num="164" count="2" type="cond" truecount="1" falsecount="1"/>
      <line num="165" count="0" type="stmt"/>
      <line num="169" count="4" type="cond" truecount="1" falsecount="1"/>
      <line num="170" count="0" type="stmt"/>
      <line num="174" count="3" type="stmt"/>
      <line num="175" count="4" type="stmt"/>
    </file>
  </project>
</coverage>
