{"/Users/lianhaiwei/Code/source/laboratory/Tools/auto-test/vue-test/src/components/Button/Button.tsx": {"path":"/Users/lianhaiwei/Code/source/laboratory/Tools/auto-test/vue-test/src/components/Button/Button.tsx","statementMap":{"0":{"start":{"line":42,"column":20},"end":{"line":46,"column":5}},"1":{"start":{"line":43,"column":6},"end":{"line":45,"column":7}},"2":{"start":{"line":44,"column":8},"end":{"line":44,"column":29}},"3":{"start":{"line":48,"column":21},"end":{"line":131,"column":5}},"4":{"start":{"line":49,"column":20},"end":{"line":57,"column":7}},"5":{"start":{"line":60,"column":6},"end":{"line":68,"column":7}},"6":{"start":{"line":61,"column":8},"end":{"line":67,"column":10}},"7":{"start":{"line":69,"column":6},"end":{"line":77,"column":7}},"8":{"start":{"line":70,"column":8},"end":{"line":76,"column":10}},"9":{"start":{"line":78,"column":6},"end":{"line":80,"column":7}},"10":{"start":{"line":79,"column":8},"end":{"line":79,"column":78}},"11":{"start":{"line":83,"column":6},"end":{"line":85,"column":7}},"12":{"start":{"line":84,"column":8},"end":{"line":84,"column":38}},"13":{"start":{"line":86,"column":6},"end":{"line":88,"column":7}},"14":{"start":{"line":87,"column":8},"end":{"line":87,"column":35}},"15":{"start":{"line":89,"column":6},"end":{"line":96,"column":7}},"16":{"start":{"line":90,"column":8},"end":{"line":95,"column":10}},"17":{"start":{"line":97,"column":6},"end":{"line":104,"column":7}},"18":{"start":{"line":98,"column":8},"end":{"line":103,"column":10}},"19":{"start":{"line":105,"column":6},"end":{"line":112,"column":7}},"20":{"start":{"line":106,"column":8},"end":{"line":111,"column":10}},"21":{"start":{"line":113,"column":6},"end":{"line":120,"column":7}},"22":{"start":{"line":114,"column":8},"end":{"line":119,"column":10}},"23":{"start":{"line":121,"column":6},"end":{"line":128,"column":7}},"24":{"start":{"line":122,"column":8},"end":{"line":127,"column":10}},"25":{"start":{"line":130,"column":6},"end":{"line":130,"column":19}},"26":{"start":{"line":133,"column":23},"end":{"line":156,"column":5}},"27":{"start":{"line":134,"column":6},"end":{"line":147,"column":7}},"28":{"start":{"line":135,"column":8},"end":{"line":146,"column":10}},"29":{"start":{"line":149,"column":6},"end":{"line":151,"column":7}},"30":{"start":{"line":150,"column":8},"end":{"line":150,"column":70}},"31":{"start":{"line":153,"column":6},"end":{"line":155,"column":7}},"32":{"start":{"line":154,"column":8},"end":{"line":154,"column":28}},"33":{"start":{"line":158,"column":23},"end":{"line":172,"column":5}},"34":{"start":{"line":159,"column":6},"end":{"line":167,"column":7}},"35":{"start":{"line":160,"column":8},"end":{"line":162,"column":9}},"36":{"start":{"line":161,"column":10},"end":{"line":161,"column":37}},"37":{"start":{"line":164,"column":8},"end":{"line":166,"column":9}},"38":{"start":{"line":165,"column":10},"end":{"line":165,"column":65}},"39":{"start":{"line":169,"column":6},"end":{"line":171,"column":7}},"40":{"start":{"line":170,"column":8},"end":{"line":170,"column":31}},"41":{"start":{"line":174,"column":4},"end":{"line":179,"column":6}},"42":{"start":{"line":175,"column":6},"end":{"line":178,"column":15}}},"fnMap":{"0":{"name":"(anonymous_0)","decl":{"start":{"line":41,"column":2},"end":{"line":41,"column":3}},"loc":{"start":{"line":41,"column":32},"end":{"line":180,"column":3}},"line":41},"1":{"name":"(anonymous_1)","decl":{"start":{"line":42,"column":20},"end":{"line":42,"column":21}},"loc":{"start":{"line":42,"column":43},"end":{"line":46,"column":5}},"line":42},"2":{"name":"(anonymous_2)","decl":{"start":{"line":48,"column":21},"end":{"line":48,"column":22}},"loc":{"start":{"line":48,"column":27},"end":{"line":131,"column":5}},"line":48},"3":{"name":"(anonymous_3)","decl":{"start":{"line":133,"column":23},"end":{"line":133,"column":24}},"loc":{"start":{"line":133,"column":29},"end":{"line":156,"column":5}},"line":133},"4":{"name":"(anonymous_4)","decl":{"start":{"line":158,"column":23},"end":{"line":158,"column":24}},"loc":{"start":{"line":158,"column":29},"end":{"line":172,"column":5}},"line":158},"5":{"name":"(anonymous_5)","decl":{"start":{"line":174,"column":11},"end":{"line":174,"column":12}},"loc":{"start":{"line":175,"column":6},"end":{"line":178,"column":15}},"line":175}},"branchMap":{"0":{"loc":{"start":{"line":43,"column":6},"end":{"line":45,"column":7}},"type":"if","locations":[{"start":{"line":43,"column":6},"end":{"line":45,"column":7}},{"start":{},"end":{}}],"line":43},"1":{"loc":{"start":{"line":60,"column":6},"end":{"line":68,"column":7}},"type":"if","locations":[{"start":{"line":60,"column":6},"end":{"line":68,"column":7}},{"start":{},"end":{}}],"line":60},"2":{"loc":{"start":{"line":69,"column":6},"end":{"line":77,"column":7}},"type":"if","locations":[{"start":{"line":69,"column":6},"end":{"line":77,"column":7}},{"start":{},"end":{}}],"line":69},"3":{"loc":{"start":{"line":78,"column":6},"end":{"line":80,"column":7}},"type":"if","locations":[{"start":{"line":78,"column":6},"end":{"line":80,"column":7}},{"start":{},"end":{}}],"line":78},"4":{"loc":{"start":{"line":83,"column":6},"end":{"line":85,"column":7}},"type":"if","locations":[{"start":{"line":83,"column":6},"end":{"line":85,"column":7}},{"start":{},"end":{}}],"line":83},"5":{"loc":{"start":{"line":86,"column":6},"end":{"line":88,"column":7}},"type":"if","locations":[{"start":{"line":86,"column":6},"end":{"line":88,"column":7}},{"start":{},"end":{}}],"line":86},"6":{"loc":{"start":{"line":89,"column":6},"end":{"line":96,"column":7}},"type":"if","locations":[{"start":{"line":89,"column":6},"end":{"line":96,"column":7}},{"start":{},"end":{}}],"line":89},"7":{"loc":{"start":{"line":97,"column":6},"end":{"line":104,"column":7}},"type":"if","locations":[{"start":{"line":97,"column":6},"end":{"line":104,"column":7}},{"start":{},"end":{}}],"line":97},"8":{"loc":{"start":{"line":105,"column":6},"end":{"line":112,"column":7}},"type":"if","locations":[{"start":{"line":105,"column":6},"end":{"line":112,"column":7}},{"start":{},"end":{}}],"line":105},"9":{"loc":{"start":{"line":113,"column":6},"end":{"line":120,"column":7}},"type":"if","locations":[{"start":{"line":113,"column":6},"end":{"line":120,"column":7}},{"start":{},"end":{}}],"line":113},"10":{"loc":{"start":{"line":121,"column":6},"end":{"line":128,"column":7}},"type":"if","locations":[{"start":{"line":121,"column":6},"end":{"line":128,"column":7}},{"start":{},"end":{}}],"line":121},"11":{"loc":{"start":{"line":134,"column":6},"end":{"line":147,"column":7}},"type":"if","locations":[{"start":{"line":134,"column":6},"end":{"line":147,"column":7}},{"start":{},"end":{}}],"line":134},"12":{"loc":{"start":{"line":135,"column":15},"end":{"line":146,"column":9}},"type":"cond-expr","locations":[{"start":{"line":136,"column":10},"end":{"line":136,"column":29}},{"start":{"line":138,"column":10},"end":{"line":145,"column":12}}],"line":135},"13":{"loc":{"start":{"line":149,"column":6},"end":{"line":151,"column":7}},"type":"if","locations":[{"start":{"line":149,"column":6},"end":{"line":151,"column":7}},{"start":{},"end":{}}],"line":149},"14":{"loc":{"start":{"line":153,"column":6},"end":{"line":155,"column":7}},"type":"if","locations":[{"start":{"line":153,"column":6},"end":{"line":155,"column":7}},{"start":{},"end":{}}],"line":153},"15":{"loc":{"start":{"line":159,"column":6},"end":{"line":167,"column":7}},"type":"if","locations":[{"start":{"line":159,"column":6},"end":{"line":167,"column":7}},{"start":{},"end":{}}],"line":159},"16":{"loc":{"start":{"line":160,"column":8},"end":{"line":162,"column":9}},"type":"if","locations":[{"start":{"line":160,"column":8},"end":{"line":162,"column":9}},{"start":{},"end":{}}],"line":160},"17":{"loc":{"start":{"line":164,"column":8},"end":{"line":166,"column":9}},"type":"if","locations":[{"start":{"line":164,"column":8},"end":{"line":166,"column":9}},{"start":{},"end":{}}],"line":164},"18":{"loc":{"start":{"line":169,"column":6},"end":{"line":171,"column":7}},"type":"if","locations":[{"start":{"line":169,"column":6},"end":{"line":171,"column":7}},{"start":{},"end":{}}],"line":169}},"s":{"0":3,"1":2,"2":1,"3":3,"4":4,"5":4,"6":0,"7":4,"8":4,"9":4,"10":0,"11":4,"12":0,"13":4,"14":0,"15":4,"16":4,"17":4,"18":0,"19":4,"20":0,"21":4,"22":0,"23":4,"24":0,"25":4,"26":3,"27":4,"28":2,"29":2,"30":1,"31":1,"32":0,"33":3,"34":4,"35":2,"36":0,"37":2,"38":0,"39":4,"40":0,"41":3,"42":4},"f":{"0":3,"1":2,"2":4,"3":4,"4":4,"5":4},"b":{"0":[1,1],"1":[0,4],"2":[4,0],"3":[0,4],"4":[0,4],"5":[0,4],"6":[4,0],"7":[0,4],"8":[0,4],"9":[0,4],"10":[0,4],"11":[2,2],"12":[0,2],"13":[1,1],"14":[0,1],"15":[2,2],"16":[0,2],"17":[0,2],"18":[0,4]},"_coverageSchema":"1a1c01bbd47fc00a2c39e90264f33305004495a9","hash":"dbf2ca72f257da2a41fec6ee1b6fa97fdd271f9e"}
}
