TN:
SF:src/components/Button/Button.tsx
FN:41,(anonymous_0)
FN:42,(anonymous_1)
FN:48,(anonymous_2)
FN:133,(anonymous_3)
FN:158,(anonymous_4)
FN:174,(anonymous_5)
FNF:6
FNH:6
FNDA:3,(anonymous_0)
FNDA:2,(anonymous_1)
FNDA:4,(anonymous_2)
FNDA:4,(anonymous_3)
FNDA:4,(anonymous_4)
FNDA:4,(anonymous_5)
DA:42,3
DA:43,2
DA:44,1
DA:48,3
DA:49,4
DA:60,4
DA:61,0
DA:69,4
DA:70,4
DA:78,4
DA:79,0
DA:83,4
DA:84,0
DA:86,4
DA:87,0
DA:89,4
DA:90,4
DA:97,4
DA:98,0
DA:105,4
DA:106,0
DA:113,4
DA:114,0
DA:121,4
DA:122,0
DA:130,4
DA:133,3
DA:134,4
DA:135,2
DA:149,2
DA:150,1
DA:153,1
DA:154,0
DA:158,3
DA:159,4
DA:160,2
DA:161,0
DA:164,2
DA:165,0
DA:169,4
DA:170,0
DA:174,3
DA:175,4
LF:43
LH:31
BRDA:43,0,0,1
BRDA:43,0,1,1
BRDA:60,1,0,0
BRDA:60,1,1,4
BRDA:69,2,0,4
BRDA:69,2,1,0
BRDA:78,3,0,0
BRDA:78,3,1,4
BRDA:83,4,0,0
BRDA:83,4,1,4
BRDA:86,5,0,0
BRDA:86,5,1,4
BRDA:89,6,0,4
BRDA:89,6,1,0
BRDA:97,7,0,0
BRDA:97,7,1,4
BRDA:105,8,0,0
BRDA:105,8,1,4
BRDA:113,9,0,0
BRDA:113,9,1,4
BRDA:121,10,0,0
BRDA:121,10,1,4
BRDA:134,11,0,2
BRDA:134,11,1,2
BRDA:135,12,0,0
BRDA:135,12,1,2
BRDA:149,13,0,1
BRDA:149,13,1,1
BRDA:153,14,0,0
BRDA:153,14,1,1
BRDA:159,15,0,2
BRDA:159,15,1,2
BRDA:160,16,0,0
BRDA:160,16,1,2
BRDA:164,17,0,0
BRDA:164,17,1,2
BRDA:169,18,0,0
BRDA:169,18,1,4
BRF:38
BRH:23
end_of_record
